<?xml version="1.0" encoding="UTF-8"?>

<mule xmlns:ee="http://www.mulesoft.org/schema/mule/ee/core" xmlns:http="http://www.mulesoft.org/schema/mule/http"
	xmlns="http://www.mulesoft.org/schema/mule/core"
	xmlns:doc="http://www.mulesoft.org/schema/mule/documentation" xmlns:xsi="http://www.w3.org/2001/XMLSchema-instance" xsi:schemaLocation="http://www.mulesoft.org/schema/mule/core http://www.mulesoft.org/schema/mule/core/current/mule.xsd
http://www.mulesoft.org/schema/mule/http http://www.mulesoft.org/schema/mule/http/current/mule-http.xsd
http://www.mulesoft.org/schema/mule/ee/core http://www.mulesoft.org/schema/mule/ee/core/current/mule-ee.xsd">
	<http:listener-config name="HTTP_Listener_config" doc:name="HTTP Listener config" doc:id="33dae22d-21c9-45ba-bce7-7dd85413e64f" >
		<http:listener-connection host="0.0.0.0" port="8081" />
	</http:listener-config>
	<flow name="test-projectFlow" doc:id="a8c578ff-f145-4f0f-9a03-f07a0dd4dc26" >
		<http:listener doc:name="Listener" doc:id="51bc287d-9362-4230-a886-341a5d78f6ee" config-ref="HTTP_Listener_config" path="/testpro"/>
		<ee:transform doc:name="Transform Message" doc:id="a3a720b2-b605-4986-af5e-2ae12d46b46b" >
			<ee:message >
				<ee:set-payload ><![CDATA[%dw 2.0
output application/json
---
{  name:"Lid",
	programstudy:"mule"	
}]]></ee:set-payload>
			</ee:message>
		</ee:transform>
	</flow>
</mule>
